<?xml version="1.0" encoding="UTF-8"?>
<!-- Generated by org.testng.reporters.JUnitReportReporter -->
<testsuite hostname="LIN41004955" failures="0" tests="1" name="testrunner.Doctor_consult_testrunner_1" time="37.528" errors="0" timestamp="2023-06-02T00:07:48 IST" skipped="0">
  <testcase classname="testrunner.Doctor_consult_testrunner_1" name="runScenario" time="37.528"/>
  <system-out/>
</testsuite> <!-- testrunner.Doctor_consult_testrunner_1 -->
