<?xml version="1.0" encoding="UTF-8"?>
<!-- Generated by org.testng.reporters.JUnitReportReporter -->
<testsuite hostname="LIN41004955" failures="0" tests="3" name="testrunner.Doctor_consult_testrunner_1" time="86.969" errors="0" timestamp="2023-06-09T07:50:03 IST" skipped="0">
  <testcase classname="testrunner.Doctor_consult_testrunner_1" name="runScenario" time="21.292"/>
  <system-out/>
  <testcase classname="testrunner.Doctor_consult_testrunner_1" name="runScenario" time="24.492"/>
  <system-out/>
  <testcase classname="testrunner.Doctor_consult_testrunner_1" name="runScenario" time="41.185"/>
  <system-out/>
</testsuite> <!-- testrunner.Doctor_consult_testrunner_1 -->
