<?xml version="1.0" encoding="UTF-8"?>
<!-- Generated by org.testng.reporters.JUnitReportReporter -->
<testsuite hostname="LIN41004955" failures="0" tests="3" name="testrunner.Doctor_consult_testrunner_2" time="18.881" errors="0" timestamp="2023-06-01T11:05:42 IST" skipped="0">
  <testcase classname="testrunner.Doctor_consult_testrunner_2" name="runScenario" time="4.303"/>
  <system-out/>
  <testcase classname="testrunner.Doctor_consult_testrunner_2" name="runScenario" time="5.987"/>
  <system-out/>
  <testcase classname="testrunner.Doctor_consult_testrunner_2" name="runScenario" time="8.591"/>
  <system-out/>
</testsuite> <!-- testrunner.Doctor_consult_testrunner_2 -->
