<?xml version="1.0" encoding="UTF-8"?>
<!-- Generated by org.testng.reporters.JUnitReportReporter -->
<testsuite hostname="LIN41004955" failures="0" tests="1" name="testrunner.Doctor_consult_testrunner_2" time="76.930" errors="0" timestamp="2023-06-06T21:13:08 IST" skipped="0">
  <testcase classname="testrunner.Doctor_consult_testrunner_2" name="runScenario" time="76.930"/>
  <system-out/>
</testsuite> <!-- testrunner.Doctor_consult_testrunner_2 -->
