<?xml version="1.0" encoding="UTF-8"?>
<!-- Generated by org.testng.reporters.JUnitReportReporter -->
<testsuite hostname="LIN41004955" failures="0" tests="1" name="testrunner.ExcelReader_testrunner" time="109.075" errors="0" timestamp="2023-06-08T14:05:29 IST" skipped="0">
  <testcase classname="testrunner.ExcelReader_testrunner" name="runScenario" time="109.075"/>
  <system-out/>
</testsuite> <!-- testrunner.ExcelReader_testrunner -->
