<?xml version="1.0" encoding="UTF-8"?>
<!-- Generated by org.testng.reporters.JUnitReportReporter -->
<testsuite hostname="LIN41004955" failures="0" tests="3" name="testrunner.Doctor_consult_testrunner_1" time="87.512" errors="0" timestamp="2023-06-08T14:23:50 IST" skipped="0">
  <testcase classname="testrunner.Doctor_consult_testrunner_1" name="runScenario" time="22.558"/>
  <system-out/>
  <testcase classname="testrunner.Doctor_consult_testrunner_1" name="runScenario" time="40.485"/>
  <system-out/>
  <testcase classname="testrunner.Doctor_consult_testrunner_1" name="runScenario" time="24.469"/>
  <system-out/>
</testsuite> <!-- testrunner.Doctor_consult_testrunner_1 -->
