<?xml version="1.0" encoding="UTF-8"?>
<!-- Generated by org.testng.reporters.JUnitReportReporter -->
<testsuite hostname="LIN41004955" failures="0" tests="3" name="testrunner.Doctor_consult_testrunner_2" time="21.759" errors="0" timestamp="2023-05-31T23:30:07 IST" skipped="0">
  <testcase classname="testrunner.Doctor_consult_testrunner_2" name="runScenario" time="8.187"/>
  <system-out/>
  <testcase classname="testrunner.Doctor_consult_testrunner_2" name="runScenario" time="5.866"/>
  <system-out/>
  <testcase classname="testrunner.Doctor_consult_testrunner_2" name="runScenario" time="7.706"/>
  <system-out/>
</testsuite> <!-- testrunner.Doctor_consult_testrunner_2 -->
