<?xml version="1.0" encoding="UTF-8"?>
<!-- Generated by org.testng.reporters.JUnitReportReporter -->
<testsuite hostname="LIN41004955" failures="0" tests="3" name="testrunner.Doctor_consult_testrunner_2" time="11.055" errors="0" timestamp="2023-06-02T11:19:10 IST" skipped="0">
  <testcase classname="testrunner.Doctor_consult_testrunner_2" name="runScenario" time="3.364"/>
  <system-out/>
  <testcase classname="testrunner.Doctor_consult_testrunner_2" name="runScenario" time="4.338"/>
  <system-out/>
  <testcase classname="testrunner.Doctor_consult_testrunner_2" name="runScenario" time="3.353"/>
  <system-out/>
</testsuite> <!-- testrunner.Doctor_consult_testrunner_2 -->
