<?xml version="1.0" encoding="UTF-8"?>
<!-- Generated by org.testng.reporters.JUnitReportReporter -->
<testsuite hostname="LIN41004955" failures="0" tests="2" name="testrunner.ExcelReader_testrunner" time="199.125" errors="0" timestamp="2023-06-09T07:56:23 IST" skipped="0">
  <testcase classname="testrunner.ExcelReader_testrunner" name="runScenario" time="113.977"/>
  <system-out/>
  <testcase classname="testrunner.ExcelReader_testrunner" name="runScenario" time="85.148"/>
  <system-out/>
</testsuite> <!-- testrunner.ExcelReader_testrunner -->
