<?xml version="1.0" encoding="UTF-8"?>
<!-- Generated by org.testng.reporters.JUnitReportReporter -->
<testsuite hostname="LIN41004955" failures="0" tests="2" name="testrunner.ExcelReader_testrunner" time="203.276" errors="0" timestamp="2023-06-07T13:24:54 IST" skipped="0">
  <testcase classname="testrunner.ExcelReader_testrunner" name="runScenario" time="104.352"/>
  <system-out/>
  <testcase classname="testrunner.ExcelReader_testrunner" name="runScenario" time="98.924"/>
  <system-out/>
</testsuite> <!-- testrunner.ExcelReader_testrunner -->
