<?xml version="1.0" encoding="UTF-8"?>
<!-- Generated by org.testng.reporters.JUnitReportReporter -->
<testsuite hostname="LIN41004955" failures="3" tests="3" name="testrunner.Doctor_consult_testrunner_1" time="35.052" errors="0" timestamp="2023-06-01T09:11:51 IST" skipped="0">
  <testcase classname="testrunner.Doctor_consult_testrunner_1" name="runScenario" time="10.570">
    <failure message="expected [Apollo 247 - Online Doctor Consultation &amp; Book Lab Tests at Home] but found [Apollo 247 Page]" type="java.lang.AssertionError">
      <![CDATA[java.lang.AssertionError: expected [Apollo 247 - Online Doctor Consultation & Book Lab Tests at Home] but found [Apollo 247 Page]
at org.testng.Assert.fail(Assert.java:110)
at org.testng.Assert.failNotEquals(Assert.java:1577)
at org.testng.Assert.assertEqualsImpl(Assert.java:149)
at org.testng.Assert.assertEquals(Assert.java:131)
at org.testng.Assert.assertEquals(Assert.java:655)
at org.testng.Assert.assertEquals(Assert.java:665)
at doctor_consult_stepdefinitions_1.Doctor_consult_page_steps_1.chrome_is_opened_and_apollo247_app_is_opened(Doctor_consult_page_steps_1.java:35)
at ✽.Chrome is opened and Apollo247 app is opened(file:///C:/Users/pkum1389/eclipse-workspace/Apollo_Dcotor_consult_prabhakar/src/test/resources/features/Doctor_consult_page1.feature:11)
]]>
    </failure>
  </testcase> <!-- runScenario -->
  <system-out/>
  <testcase classname="testrunner.Doctor_consult_testrunner_1" name="runScenario" time="13.871">
    <failure message="expected [Apollo 247 - Online Doctor Consultation &amp; Book Lab Tests at Home] but found [Apollo 247 Page]" type="java.lang.AssertionError">
      <![CDATA[java.lang.AssertionError: expected [Apollo 247 - Online Doctor Consultation & Book Lab Tests at Home] but found [Apollo 247 Page]
at org.testng.Assert.fail(Assert.java:110)
at org.testng.Assert.failNotEquals(Assert.java:1577)
at org.testng.Assert.assertEqualsImpl(Assert.java:149)
at org.testng.Assert.assertEquals(Assert.java:131)
at org.testng.Assert.assertEquals(Assert.java:655)
at org.testng.Assert.assertEquals(Assert.java:665)
at doctor_consult_stepdefinitions_1.Doctor_consult_page_steps_1.chrome_is_opened_and_apollo247_app_is_opened(Doctor_consult_page_steps_1.java:35)
at ✽.Chrome is opened and Apollo247 app is opened(file:///C:/Users/pkum1389/eclipse-workspace/Apollo_Dcotor_consult_prabhakar/src/test/resources/features/Doctor_consult_page1.feature:5)
]]>
    </failure>
  </testcase> <!-- runScenario -->
  <system-out/>
  <testcase classname="testrunner.Doctor_consult_testrunner_1" name="runScenario" time="10.611">
    <failure message="expected [Apollo 247 - Online Doctor Consultation &amp; Book Lab Tests at Home] but found [Apollo 247 Page]" type="java.lang.AssertionError">
      <![CDATA[java.lang.AssertionError: expected [Apollo 247 - Online Doctor Consultation & Book Lab Tests at Home] but found [Apollo 247 Page]
at org.testng.Assert.fail(Assert.java:110)
at org.testng.Assert.failNotEquals(Assert.java:1577)
at org.testng.Assert.assertEqualsImpl(Assert.java:149)
at org.testng.Assert.assertEquals(Assert.java:131)
at org.testng.Assert.assertEquals(Assert.java:655)
at org.testng.Assert.assertEquals(Assert.java:665)
at doctor_consult_stepdefinitions_1.Doctor_consult_page_steps_1.chrome_is_opened_and_apollo247_app_is_opened(Doctor_consult_page_steps_1.java:35)
at ✽.Chrome is opened and Apollo247 app is opened(file:///C:/Users/pkum1389/eclipse-workspace/Apollo_Dcotor_consult_prabhakar/src/test/resources/features/Doctor_consult_page1.feature:20)
]]>
    </failure>
  </testcase> <!-- runScenario -->
  <system-out/>
</testsuite> <!-- testrunner.Doctor_consult_testrunner_1 -->
