<?xml version="1.0" encoding="UTF-8"?>
<!-- Generated by org.testng.reporters.JUnitReportReporter -->
<testsuite hostname="LIN41004955" failures="0" tests="3" name="testrunner.Doctor_consult_testrunner_1" time="85.349" errors="0" timestamp="2023-06-09T08:11:25 IST" skipped="0">
  <testcase classname="testrunner.Doctor_consult_testrunner_1" name="runScenario" time="25.812"/>
  <system-out/>
  <testcase classname="testrunner.Doctor_consult_testrunner_1" name="runScenario" time="40.052"/>
  <system-out/>
  <testcase classname="testrunner.Doctor_consult_testrunner_1" name="runScenario" time="19.485"/>
  <system-out/>
</testsuite> <!-- testrunner.Doctor_consult_testrunner_1 -->
