<?xml version="1.0" encoding="UTF-8"?>
<!-- Generated by org.testng.reporters.JUnitReportReporter -->
<testsuite hostname="LIN41004955" failures="0" tests="2" name="testrunner.Doctor_consult_testrunner_2" time="148.928" errors="0" timestamp="2023-06-09T08:11:25 IST" skipped="0">
  <testcase classname="testrunner.Doctor_consult_testrunner_2" name="runScenario" time="83.817"/>
  <system-out/>
  <testcase classname="testrunner.Doctor_consult_testrunner_2" name="runScenario" time="65.111"/>
  <system-out/>
</testsuite> <!-- testrunner.Doctor_consult_testrunner_2 -->
